<?xml version="1.0" encoding="UTF-8"?>
<!-- Generated by org.testng.reporters.JUnitXMLReporter -->
<testsuite ignored="0" hostname="LAPTOP-O76L7V94" failures="0" tests="1" name="Test1" time="0.246" errors="0" timestamp="2024-10-05T15:36:06 IST">
  <testcase classname="generic_utility.Base_Class" name="@BeforeClass bC" time="-1.728122766344E9">
    <failure type="org.testng.TestNGException" message="
Parameter &amp;apos;BROWSER&amp;apos; is required by BeforeClass on method bC but has not been marked @Optional or defined
in C:\Users\Guest2\eclipse-workspace\AdvanceSeleniumFramework\ParallelExetestng.xml">
      <![CDATA[org.testng.TestNGException: 
Parameter 'BROWSER' is required by BeforeClass on method bC but has not been marked @Optional or defined
in C:\Users\Guest2\eclipse-workspace\AdvanceSeleniumFramework\ParallelExetestng.xml
at java.base/java.util.ArrayList.forEach(ArrayList.java:1511)
at java.base/java.util.concurrent.FutureTask.run(FutureTask.java:264)
at java.base/java.util.concurrent.ThreadPoolExecutor.runWorker(ThreadPoolExecutor.java:1136)
at java.base/java.util.concurrent.ThreadPoolExecutor$Worker.run(ThreadPoolExecutor.java:635)
at java.base/java.lang.Thread.run(Thread.java:833)
... Removed 12 stack frames]]>
    </failure>
  </testcase> <!-- @BeforeClass bC -->
  <testcase classname="generic_utility.Base_Class" name="@BeforeMethod bM" time="0.0">
    <skipped/>
  </testcase> <!-- @BeforeMethod bM -->
  <testcase classname="generic_utility.Base_Class" name="@AfterMethod aM" time="0.0">
    <skipped/>
  </testcase> <!-- @AfterMethod aM -->
  <testcase classname="generic_utility.Base_Class" name="@AfterClass aC" time="0.0">
    <skipped/>
  </testcase> <!-- @AfterClass aC -->
  <testcase classname="campaign.Create_Campaign_Baseclass_Test" name="Create_Campaign_Baseclass_Test" time="0.001">
    <skipped/>
  </testcase> <!-- Create_Campaign_Baseclass_Test -->
</testsuite> <!-- Test1 -->
