<?xml version="1.0" encoding="UTF-8"?>
<!-- Generated by org.testng.reporters.JUnitReportReporter -->
<testsuite hostname="LAPTOP-O76L7V94" failures="0" tests="2" name="campaign.Create_Campaign_Baseclass_Test" time="-1728122752.000" errors="1" timestamp="2024-10-05T15:38:52 IST" skipped="1">
  <testcase classname="campaign.Create_Campaign_Baseclass_Test" name="Create_Campaign_Baseclass_Test" time="0.001">
    <skipped/>
  </testcase> <!-- Create_Campaign_Baseclass_Test -->
  <testcase classname="campaign.Create_Campaign_Baseclass_Test" name="bC" time="-1728122752.000">
    <error message="
Parameter &#039;BROWSER&#039; is required by BeforeClass on method bC but has not been marked @Optional or defined
in C:\Users\Guest2\eclipse-workspace\AdvanceSeleniumFramework\ParallelExetestng.xml" type="org.testng.TestNGException">
      <![CDATA[org.testng.TestNGException: 
Parameter 'BROWSER' is required by BeforeClass on method bC but has not been marked @Optional or defined
in C:\Users\Guest2\eclipse-workspace\AdvanceSeleniumFramework\ParallelExetestng.xml
at org.testng.internal.Parameters.createParams(Parameters.java:264)
at org.testng.internal.Parameters.createParametersForMethod(Parameters.java:352)
at org.testng.internal.Parameters.createParameters(Parameters.java:690)
at org.testng.internal.Parameters.createConfigurationParameters(Parameters.java:163)
at org.testng.internal.invokers.ConfigInvoker.invokeConfigurations(ConfigInvoker.java:313)
at org.testng.internal.invokers.TestMethodWorker.invokeBeforeClassMethods(TestMethodWorker.java:188)
at org.testng.internal.invokers.TestMethodWorker.run(TestMethodWorker.java:128)
at java.base/java.util.ArrayList.forEach(ArrayList.java:1511)
at org.testng.TestRunner.privateRun(TestRunner.java:739)
at org.testng.TestRunner.run(TestRunner.java:614)
at org.testng.SuiteRunner.runTest(SuiteRunner.java:421)
at org.testng.SuiteRunner$SuiteWorker.run(SuiteRunner.java:463)
at org.testng.internal.thread.ThreadUtil.lambda$execute$0(ThreadUtil.java:64)
at java.base/java.util.concurrent.FutureTask.run(FutureTask.java:264)
at java.base/java.util.concurrent.ThreadPoolExecutor.runWorker(ThreadPoolExecutor.java:1136)
at java.base/java.util.concurrent.ThreadPoolExecutor$Worker.run(ThreadPoolExecutor.java:635)
at java.base/java.lang.Thread.run(Thread.java:833)
]]>
    </error>
  </testcase> <!-- bC -->
</testsuite> <!-- campaign.Create_Campaign_Baseclass_Test -->
